<?xml version="1.0" encoding="UTF-8"?>
<!-- Generated by org.testng.reporters.JUnitReportReporter -->
<testsuite skipped="0" hostname="DESKTOP-6IP7VMK" name="test.AddCustomer_Test" tests="1" failures="0" timestamp="2021-03-31T20:18:13 EDT" time="9.819" errors="0">
  <testcase name="validUserShouldBeAbleToAddCustomer" time="9.819" classname="test.AddCustomer_Test"/>
  <system-out/>
</testsuite> <!-- test.AddCustomer_Test -->
