<?xml version="1.0" encoding="UTF-8"?>
<!-- Generated by org.testng.reporters.JUnitReportReporter -->
<testsuite skipped="0" hostname="DESKTOP-6IP7VMK" name="util.BrowserFactory" tests="1" failures="0" timestamp="2021-03-31T00:18:21 EDT" time="3.887" errors="0">
  <testcase name="init" time="3.887" classname="util.BrowserFactory"/>
  <system-out/>
</testsuite> <!-- util.BrowserFactory -->
