<?xml version="1.0" encoding="UTF-8"?>
<!-- Generated by org.testng.reporters.JUnitReportReporter -->
<testsuite skipped="0" hostname="DESKTOP-6IP7VMK" name="test.Login_Test" tests="1" failures="0" timestamp="2021-04-01T02:03:53 EDT" time="10.085" errors="0">
  <testcase name="validUserShouldBeAbleToLogin" time="10.085" classname="test.Login_Test"/>
  <system-out/>
</testsuite> <!-- test.Login_Test -->
